   0.00000000       0.00000000    
   1.03940547       4.86264899E-02
   2.04648733       4.74419408E-02
   3.03342962       4.67175879E-02
   4.01452875       4.67513464E-02
   5.00040531       4.72355634E-02
   6.03794193       4.71576191E-02
   7.02091694       4.65124585E-02
   8.03756714       4.60479222E-02
   9.00307655       4.59159017E-02
   10.0118837       4.58234623E-02
   11.0203505       4.58615012E-02
   12.0295696       4.58267704E-02
   13.0361853       4.57065850E-02
   14.0408936       4.56469357E-02
   15.0437202       4.56108004E-02
   16.0007401       4.55422774E-02
   17.0020809       4.54958901E-02
   18.0020103       4.53013331E-02
   19.0387478       4.48934138E-02
   20.0238590       4.47056070E-02
   21.0072517       4.47308011E-02
   22.0379181       4.48284261E-02
   23.0202847       4.43883650E-02
   24.0342789       4.38538305E-02
   25.0366039       4.33041118E-02
   26.0274200       4.29359972E-02
   27.0141640       4.29171138E-02
   28.0033264       4.31033112E-02
   29.0382195       4.31407578E-02
   30.0327110       4.33472097E-02
   31.0299835       4.32846434E-02
   32.0227585       4.30931188E-02
   33.0137520       4.31114435E-02
   34.0065041       4.32192050E-02
   35.0015793       4.32787202E-02
   36.0398483       4.32410575E-02
   37.0343628       4.32482883E-02
   38.0298767       4.33188528E-02
   39.0271988       4.34083492E-02
   40.0256157       4.34275828E-02
   41.0253792       4.35200296E-02
   42.0283470       4.36977521E-02
   43.0347595       4.37399857E-02
   44.0397224       4.36730161E-02
   45.0009117       4.36941944E-02
   46.0039368       4.35570963E-02
   47.0059776       4.35974598E-02
   48.0108795       4.37931046E-02
   49.0203247       4.39046994E-02
   50.0302849       4.39251438E-02
   51.0423698       4.40973230E-02
   52.0157967       4.44042347E-02
   53.0376091       4.43362817E-02
   54.0115547       4.42240946E-02
   55.0284195       4.42105420E-02
   56.0018425       4.42895591E-02
   57.0222969       4.44472730E-02
   58.0026894       4.46744375E-02
   59.0334167       4.48744372E-02
   60.0169830       4.45649140E-02
   61.0388985       4.43234071E-02
   62.0149002       4.45088856E-02
   63.0438881       4.49584723E-02
   64.0370712       4.51618508E-02
   65.0220337       4.45118546E-02
   66.0432205       4.43452783E-02
   67.0197220       4.44423668E-02
   68.0002289       4.47128825E-02
   69.0338211       4.51620445E-02
   70.0336685       4.56838086E-02
   71.0408859       4.58684564E-02
   72.0073242       4.61566225E-02
   73.0262070       4.63961996E-02
   74.0459442       4.63132001E-02
   75.0176544       4.62375805E-02
   76.0340500       4.61809523E-02
   77.0030212       4.60113101E-02
   78.0101852       4.56270687E-02
   79.0126495       4.55488786E-02
   80.0155106       4.56516817E-02
   81.0160904       4.54409048E-02
   82.0164948       4.55265008E-02
   83.0194244       4.55211028E-02
   84.0177155       4.52632941E-02
   85.0111923       4.50782664E-02
   86.0013962       4.49587628E-02
   87.0343628       4.48732078E-02
   88.0203934       4.47570682E-02
   89.0049286       4.48575988E-02
   90.0416718       4.52935398E-02
   91.0389709       4.52646539E-02
   92.0340576       4.52497490E-02
   93.0288239       4.51185890E-02
   94.0194092       4.49636020E-02
   95.0084305       4.49616536E-02
   96.0438766       4.50939648E-02
   97.0362625       4.49189693E-02
   98.0195847       4.45906483E-02
   99.0005341       4.46353704E-02
   100.029442       4.48414609E-02
   101.017967       4.49289344E-02
   102.005302       4.48427796E-02
   103.035965       4.47889715E-02
   104.021194       4.47787941E-02
   105.006721       4.48099896E-02
   106.038429       4.49045561E-02
   107.027969       4.50570621E-02
   108.021683       4.52812724E-02
   109.015724       4.48502377E-02
   110.000549       4.47678603E-02
   111.032684       4.49917391E-02
   112.026039       4.53093499E-02
   113.025154       4.52771373E-02
   114.013573       4.46290560E-02
   115.033264       4.40919697E-02
   116.042747       4.37385961E-02
   117.003059       4.36050706E-02
   118.006256       4.36596721E-02
   119.012947       4.38940637E-02
   120.018051       4.34822924E-02
   121.013283       4.30770889E-02
   122.042442       4.27410267E-02
   123.024300       4.26870883E-02
   124.007080       4.27047685E-02
   125.030006       4.25771102E-02
   126.009918       4.26546931E-02
   127.035660       4.28536125E-02
   128.024094       4.30883393E-02
   129.013199       4.29201089E-02
   130.042618       4.28896770E-02
   131.029587       4.29415777E-02
   132.018082       4.30114195E-02
   133.008194       4.30866629E-02
   134.000259       4.31902260E-02
   135.038483       4.33277562E-02
   136.035629       4.33692336E-02
   137.033646       4.34151739E-02
   138.033295       4.35171910E-02
   139.035797       4.36659567E-02
   140.042664       4.38857973E-02
   141.008957       4.39240560E-02
   142.020447       4.40567769E-02
   143.036438       4.42533158E-02
   144.008881       4.41218466E-02
   145.023209       4.42203060E-02
   146.043900       4.43740226E-02
   147.018478       4.42380235E-02
   148.035477       4.42132428E-02
   149.008896       4.42960523E-02
   150.026550       4.41126227E-02
   151.038101       4.38776240E-02
   152.001541       4.37324010E-02
   153.006699       4.36929911E-02
   154.012512       4.37768772E-02
   155.022110       4.41075526E-02
   156.001373       4.48969230E-02
   157.040588       4.52606268E-02
   158.037354       4.52641994E-02
   159.030594       4.47718203E-02
   160.008698       4.42345962E-02
   161.022690       4.39855978E-02
   162.033920       4.39591147E-02
   163.001877       4.40413095E-02
   164.017380       4.42783795E-02
   165.039703       4.46280427E-02
   166.026657       4.50748205E-02
   167.021423       4.53530662E-02
   168.023026       4.56795841E-02
   169.030792       4.59296443E-02
   170.043945       4.61400971E-02
   171.012695       4.60689515E-02
   172.024475       4.59292196E-02
   173.033997       4.58616018E-02
   174.042908       4.58767489E-02
   175.043701       4.50222716E-02
   176.028198       4.46301103E-02
   177.008682       4.45232466E-02
   178.032806       4.45601158E-02
   179.015259       4.47771251E-02
   180.004181       4.51339260E-02
   181.043304       4.51282933E-02
   182.034424       4.50030752E-02
   183.024445       4.50218953E-02
   184.015808       4.50180136E-02
   185.004517       4.49094325E-02
   186.037460       4.48605306E-02
   187.020554       4.45688441E-02
   188.044220       4.44920398E-02
   189.023849       4.45207804E-02
   190.001755       4.44034450E-02
   191.022797       4.43967432E-02
   192.043304       4.41241860E-02
   193.008682       4.37421352E-02
   194.013657       4.36827354E-02
   195.019165       4.37729135E-02
   196.028015       4.39596064E-02
   197.042175       4.42247316E-02
   198.018585       4.45294492E-02
   199.000916       4.47508954E-02
   200.032318       4.48615290E-02
   201.018677       4.48239222E-02
   202.004868       4.48432490E-02
   203.037216       4.49257568E-02
   204.020432       4.43796851E-02
   205.036697       4.40733060E-02
   206.005325       4.40263338E-02
   207.018738       4.41166759E-02
   208.035767       4.43246216E-02
   209.014099       4.44818623E-02
   210.032730       4.41507585E-02
   211.041794       4.35846969E-02
   212.037735       4.30628397E-02
   213.024017       4.27524336E-02
   214.005585       4.26393934E-02
   215.029327       4.26859446E-02
   216.012894       4.28506993E-02
   217.001038       4.30638455E-02
   218.029984       4.27158736E-02
   219.010117       4.25403379E-02
   220.030243       4.24934141E-02
   221.008148       4.25615087E-02
   222.028214       4.24753129E-02
   223.004913       4.24774736E-02
   224.025360       4.25598696E-02
   225.005371       4.26597893E-02
   226.029877       4.26921323E-02
   227.011230       4.26547416E-02
   228.034393       4.26163748E-02
   229.014267       4.26018909E-02
   230.037033       4.26481180E-02
   231.019409       4.27931473E-02
   232.006470       4.30414751E-02
   233.043457       4.33485173E-02
   234.039551       4.32766937E-02
   235.034424       4.32387330E-02
   236.029160       4.33351882E-02
   237.031693       4.36525419E-02
   238.034409       4.35776263E-02
   239.037796       4.36993875E-02
   240.001587       4.39329185E-02
   241.013519       4.40140925E-02
   242.026794       4.41223457E-02
   243.044220       4.43516225E-02
   244.022964       4.46101166E-02
   245.006439       4.46562171E-02
   246.026718       4.41075936E-02
   247.035522       4.36551571E-02
   248.035507       4.33323421E-02
   249.029816       4.31539118E-02
   250.021744       4.31190059E-02
   251.016861       4.34929207E-02
   252.024902       4.41658609E-02
   253.002899       4.44906764E-02
   254.021729       4.41667810E-02
   255.037872       4.40496318E-02
   256.002380       4.36852016E-02
   257.005127       4.35551107E-02
   258.007477       4.36227061E-02
   259.012390       4.37499620E-02
   260.020081       4.38863672E-02
   261.031860       4.41086330E-02
   262.005951       4.44302596E-02
   263.032501       4.48131002E-02
   264.019257       4.48896177E-02
   265.008545       4.50428240E-02
   266.001282       4.51744795E-02
   267.038940       4.50210422E-02
   268.026947       4.48147841E-02
   269.011383       4.47088107E-02
   270.039978       4.47875671E-02
   271.023071       4.44712676E-02
   272.041565       4.41154577E-02
   273.009033       4.38742787E-02
   274.016937       4.37931232E-02
   275.025085       4.38791662E-02
   276.036499       4.40687686E-02
   277.008911       4.43215817E-02
   278.026733       4.41731922E-02
   279.041870       4.41358350E-02
   280.013489       4.42165919E-02
   281.032166       4.43626679E-02
   282.006561       4.42938097E-02
   283.021912       4.40021902E-02
   284.031769       4.38509136E-02
   285.040314       4.38679941E-02
   286.006561       4.39751297E-02
   287.018341       4.38027717E-02
   288.018250       4.32391874E-02
   289.009796       4.30240482E-02
   290.042267       4.30492386E-02
   291.033936       4.31973524E-02
   292.029510       4.33717109E-02
   293.029480       4.35728319E-02
   294.034668       4.38202582E-02
   295.002045       4.41099182E-02
   296.019165       4.43126857E-02
   297.041138       4.45701331E-02
   298.016907       4.40429039E-02
   299.024658       4.36814129E-02
   300.025299       4.32797708E-02
   301.016937       4.30189110E-02
   302.005432       4.29871157E-02
   303.038361       4.31043915E-02
   304.031891       4.32820097E-02
   305.030029       4.34515476E-02
   306.027588       4.32954021E-02
   307.022278       4.31114286E-02
   308.008698       4.26722802E-02
   309.027374       4.22577448E-02
   310.038055       4.20072414E-02
   311.002625       4.18933406E-02
   312.007660       4.18901145E-02
   313.014099       4.19900231E-02
   314.023926       4.20891903E-02
   315.032532       4.19634394E-02
   316.038757       4.18911949E-02
   317.001862       4.18770015E-02
   318.007721       4.19586934E-02
   319.017059       4.21667323E-02
   320.032288       4.23844382E-02
   321.007233       4.23895530E-02
   322.024567       4.23775539E-02
   323.041504       4.23799939E-02
   324.016724       4.24254127E-02
   325.035248       4.24422212E-02
   326.011169       4.24133688E-02
   327.028961       4.24034335E-02
   328.005005       4.24747728E-02
   329.026550       4.26729545E-02
   330.011230       4.29591425E-02
   331.003479       4.32753935E-02
   332.043579       4.34057340E-02
   333.043701       4.35596220E-02
   334.004059       4.37362790E-02
   335.008484       4.36465330E-02
   336.012634       4.36518677E-02
   337.016357       4.36373055E-02
   338.020630       4.36974391E-02
   339.028076       4.39024642E-02
   340.040222       4.41017076E-02
   341.012482       4.42596711E-02
   342.028931       4.40561473E-02
   343.038818       4.36848067E-02
   344.037689       4.32251915E-02
   345.027863       4.29111123E-02
   346.012787       4.28248942E-02
   347.001648       4.31661308E-02
   348.043304       4.35795635E-02
   349.000977       4.36278954E-02
   350.003815       4.35347818E-02
   351.005615       4.35791984E-02
   352.006653       4.32303473E-02
   353.030579       4.22882959E-02
   354.001953       4.22727168E-02
   355.022125       4.27771211E-02
   356.014282       4.33535092E-02
   357.013397       4.35268730E-02
   358.017303       4.37712222E-02
   359.027588       4.40437384E-02
   360.039978       4.39934880E-02
   361.009491       4.41331044E-02
   362.026367       4.42808531E-02
   363.001312       4.42918502E-02
   364.017029       4.40292135E-02
   365.026917       4.38177921E-02
   366.033966       4.37328629E-02
   367.039429       4.37456407E-02
   368.003845       4.39283513E-02
   369.007233       4.34529483E-02
   370.008087       4.34913486E-02
   371.006561       4.33558524E-02
   372.003265       4.33493331E-02
   373.001129       4.34354171E-02
   374.002045       4.35652584E-02
   375.002228       4.33026291E-02
   376.037140       4.31073010E-02
   377.029999       4.33398224E-02
   378.030701       4.35343571E-02
   379.032440       4.35740389E-02
   380.029388       4.33168337E-02
   381.030853       4.35980707E-02
   382.032806       4.34465744E-02
   383.027130       4.30891179E-02
   384.015381       4.28819582E-02
   385.000732       4.28150780E-02
   386.028259       4.28136215E-02
   387.014130       4.28755395E-02
   388.001709       4.30075526E-02
   389.034271       4.29972745E-02
   390.022064       4.28954214E-02
   391.007446       4.27928381E-02
   392.033325       4.26931418E-02
   393.014008       4.25854102E-02
   394.034485       4.24308367E-02
   395.006653       4.21393253E-02
   396.017151       4.20350358E-02
   397.024994       4.20157835E-02
   398.034668       4.20830622E-02
   399.001068       4.19480652E-02
